<?xml version="1.0" encoding="UTF-8"?>
<testsuite name="com.envios_internacionales.envios_internacionales.repository.ShipmentContentRepositoryTest" tests="2" skipped="0" failures="0" errors="0" timestamp="2025-05-05T15:08:58.449Z" hostname="DESKTOP-J49R2VV" time="0.448">
  <properties/>
  <testcase name="getContentByIdTest()" classname="com.envios_internacionales.envios_internacionales.repository.ShipmentContentRepositoryTest" time="0.276"/>
  <testcase name="findAllTest()" classname="com.envios_internacionales.envios_internacionales.repository.ShipmentContentRepositoryTest" time="0.172"/>
  <system-out><![CDATA[2025-05-05T11:08:57.989-04:00  INFO 28824 --- [envios_internacionales] [    Test worker] t.c.s.AnnotationConfigContextLoaderUtils : Could not detect default configuration classes for test class [com.envios_internacionales.envios_internacionales.repository.ShipmentContentRepositoryTest]: ShipmentContentRepositoryTest does not declare any static, non-private, non-final, nested classes annotated with @Configuration.
2025-05-05T11:08:58.011-04:00  INFO 28824 --- [envios_internacionales] [    Test worker] .b.t.c.SpringBootTestContextBootstrapper : Found @SpringBootConfiguration com.envios_internacionales.envios_internacionales.EnviosInternacionalesApplication for test class com.envios_internacionales.envios_internacionales.repository.ShipmentContentRepositoryTest
2025-05-05T11:08:58.014-04:00  INFO 28824 --- [envios_internacionales] [    Test worker] o.s.b.d.r.RestartApplicationListener     : Restart disabled due to context in which it is running

  .   ____          _            __ _ _
 /\\ / ___'_ __ _ _(_)_ __  __ _ \ \ \ \
( ( )\___ | '_ | '_| | '_ \/ _` | \ \ \ \
 \\/  ___)| |_)| | | | | || (_| |  ) ) ) )
  '  |____| .__|_| |_|_| |_\__, | / / / /
 =========|_|==============|___/=/_/_/_/

 :: Spring Boot ::                (v3.4.4)

2025-05-05T11:08:58.034-04:00  INFO 28824 --- [envios_internacionales] [    Test worker] c.e.e.r.ShipmentContentRepositoryTest    : Starting ShipmentContentRepositoryTest using Java 21.0.6 with PID 28824 (started by GH in C:\Users\GH\Ingenieria desarrollo de software\Desarrollo Fullstack 1\Semana 3\Actividad\Proyectos\envios_internacionales)
2025-05-05T11:08:58.034-04:00  INFO 28824 --- [envios_internacionales] [    Test worker] c.e.e.r.ShipmentContentRepositoryTest    : No active profile set, falling back to 1 default profile: "default"
2025-05-05T11:08:58.089-04:00  INFO 28824 --- [envios_internacionales] [    Test worker] .s.d.r.c.RepositoryConfigurationDelegate : Bootstrapping Spring Data JPA repositories in DEFAULT mode.
2025-05-05T11:08:58.100-04:00  INFO 28824 --- [envios_internacionales] [    Test worker] .s.d.r.c.RepositoryConfigurationDelegate : Finished Spring Data repository scanning in 10 ms. Found 3 JPA repository interfaces.
2025-05-05T11:08:58.133-04:00  INFO 28824 --- [envios_internacionales] [    Test worker] o.hibernate.jpa.internal.util.LogHelper  : HHH000204: Processing PersistenceUnitInfo [name: default]
2025-05-05T11:08:58.136-04:00  INFO 28824 --- [envios_internacionales] [    Test worker] o.h.c.internal.RegionFactoryInitiator    : HHH000026: Second-level cache disabled
2025-05-05T11:08:58.144-04:00  INFO 28824 --- [envios_internacionales] [    Test worker] o.s.o.j.p.SpringPersistenceUnitInfo      : No LoadTimeWeaver setup: ignoring JPA class transformer
2025-05-05T11:08:58.145-04:00  INFO 28824 --- [envios_internacionales] [    Test worker] com.zaxxer.hikari.HikariDataSource       : HikariPool-2 - Starting...
2025-05-05T11:08:58.145-04:00  WARN 28824 --- [envios_internacionales] [    Test worker] c.zaxxer.hikari.util.DriverDataSource    : Registered driver with driverClassName=oracle.jdbc.driver.OracleDriver was not found, trying direct instantiation.
2025-05-05T11:08:58.318-04:00  INFO 28824 --- [envios_internacionales] [    Test worker] com.zaxxer.hikari.pool.HikariPool        : HikariPool-2 - Added connection oracle.jdbc.driver.T4CConnection@e206be5
2025-05-05T11:08:58.318-04:00  INFO 28824 --- [envios_internacionales] [    Test worker] com.zaxxer.hikari.HikariDataSource       : HikariPool-2 - Start completed.
2025-05-05T11:08:58.335-04:00  WARN 28824 --- [envios_internacionales] [    Test worker] org.hibernate.orm.deprecation            : HHH90000025: OracleDialect does not need to be specified explicitly using 'hibernate.dialect' (remove the property setting and it will be selected by default)
2025-05-05T11:08:58.360-04:00  INFO 28824 --- [envios_internacionales] [    Test worker] org.hibernate.orm.connections.pooling    : HHH10001005: Database info:
	Database JDBC URL [Connecting through datasource 'HikariDataSource (HikariPool-2)']
	Database driver: undefined/unknown
	Database version: 19.27
	Autocommit mode: undefined/unknown
	Isolation level: undefined/unknown
	Minimum pool size: undefined/unknown
	Maximum pool size: undefined/unknown
2025-05-05T11:08:58.420-04:00  INFO 28824 --- [envios_internacionales] [    Test worker] o.h.e.t.j.p.i.JtaPlatformInitiator       : HHH000489: No JTA platform available (set 'hibernate.transaction.jta.platform' to enable JTA platform integration)
2025-05-05T11:08:58.420-04:00  INFO 28824 --- [envios_internacionales] [    Test worker] j.LocalContainerEntityManagerFactoryBean : Initialized JPA EntityManagerFactory for persistence unit 'default'
2025-05-05T11:08:58.448-04:00  INFO 28824 --- [envios_internacionales] [    Test worker] c.e.e.r.ShipmentContentRepositoryTest    : Started ShipmentContentRepositoryTest in 0.434 seconds (process running for 6.511)
Hibernate: select sc1_0.id,sc1_0.items_amount,s1_0.id,s1_0.address,t1_0.id,t1_0.current_location,t1_0.status,t1_0.tracking_code,sc1_0.weight from shipment_content sc1_0 left join shipment s1_0 on s1_0.id=sc1_0.shipment_id left join tracking t1_0 on s1_0.id=t1_0.shipment_id where sc1_0.id=?
Hibernate: select sc1_0.id,sc1_0.items_amount,sc1_0.shipment_id,sc1_0.weight from shipment_content sc1_0
Hibernate: select s1_0.id,s1_0.address,t1_0.id,t1_0.current_location,t1_0.status,t1_0.tracking_code from shipment s1_0 left join tracking t1_0 on s1_0.id=t1_0.shipment_id where s1_0.id=?
]]></system-out>
  <system-err><![CDATA[]]></system-err>
</testsuite>
