<?xml version="1.0" encoding="UTF-8"?>
<testsuite name="com.envios_internacionales.envios_internacionales.service.ShipmentSvcTest" tests="2" skipped="0" failures="0" errors="0" timestamp="2025-05-05T02:56:13.119Z" hostname="DESKTOP-J49R2VV" time="0.215">
  <properties/>
  <testcase name="getByIdTest()" classname="com.envios_internacionales.envios_internacionales.service.ShipmentSvcTest" time="0.138"/>
  <testcase name="getAllTest()" classname="com.envios_internacionales.envios_internacionales.service.ShipmentSvcTest" time="0.076"/>
  <system-out><![CDATA[2025-05-04T22:56:12.529-04:00  INFO 22092 --- [envios_internacionales] [    Test worker] t.c.s.AnnotationConfigContextLoaderUtils : Could not detect default configuration classes for test class [com.envios_internacionales.envios_internacionales.service.ShipmentSvcTest]: ShipmentSvcTest does not declare any static, non-private, non-final, nested classes annotated with @Configuration.
2025-05-04T22:56:12.540-04:00  INFO 22092 --- [envios_internacionales] [    Test worker] .b.t.c.SpringBootTestContextBootstrapper : Found @SpringBootConfiguration com.envios_internacionales.envios_internacionales.EnviosInternacionalesApplication for test class com.envios_internacionales.envios_internacionales.service.ShipmentSvcTest
2025-05-04T22:56:12.541-04:00  INFO 22092 --- [envios_internacionales] [    Test worker] o.s.b.d.r.RestartApplicationListener     : Restart disabled due to context in which it is running

  .   ____          _            __ _ _
 /\\ / ___'_ __ _ _(_)_ __  __ _ \ \ \ \
( ( )\___ | '_ | '_| | '_ \/ _` | \ \ \ \
 \\/  ___)| |_)| | | | | || (_| |  ) ) ) )
  '  |____| .__|_| |_|_| |_\__, | / / / /
 =========|_|==============|___/=/_/_/_/

 :: Spring Boot ::                (v3.4.4)

2025-05-04T22:56:12.558-04:00  INFO 22092 --- [envios_internacionales] [    Test worker] c.e.e.service.ShipmentSvcTest            : Starting ShipmentSvcTest using Java 21.0.6 with PID 22092 (started by GH in C:\Users\GH\Ingenieria desarrollo de software\Desarrollo Fullstack 1\Semana 3\Actividad\Proyectos\envios_internacionales)
2025-05-04T22:56:12.558-04:00  INFO 22092 --- [envios_internacionales] [    Test worker] c.e.e.service.ShipmentSvcTest            : No active profile set, falling back to 1 default profile: "default"
2025-05-04T22:56:12.664-04:00  INFO 22092 --- [envios_internacionales] [    Test worker] .s.d.r.c.RepositoryConfigurationDelegate : Bootstrapping Spring Data JPA repositories in DEFAULT mode.
2025-05-04T22:56:12.676-04:00  INFO 22092 --- [envios_internacionales] [    Test worker] .s.d.r.c.RepositoryConfigurationDelegate : Finished Spring Data repository scanning in 11 ms. Found 3 JPA repository interfaces.
2025-05-04T22:56:12.727-04:00  INFO 22092 --- [envios_internacionales] [    Test worker] o.hibernate.jpa.internal.util.LogHelper  : HHH000204: Processing PersistenceUnitInfo [name: default]
2025-05-04T22:56:12.730-04:00  INFO 22092 --- [envios_internacionales] [    Test worker] o.h.c.internal.RegionFactoryInitiator    : HHH000026: Second-level cache disabled
2025-05-04T22:56:12.737-04:00  INFO 22092 --- [envios_internacionales] [    Test worker] o.s.o.j.p.SpringPersistenceUnitInfo      : No LoadTimeWeaver setup: ignoring JPA class transformer
2025-05-04T22:56:12.739-04:00  INFO 22092 --- [envios_internacionales] [    Test worker] com.zaxxer.hikari.HikariDataSource       : HikariPool-3 - Starting...
2025-05-04T22:56:12.739-04:00  WARN 22092 --- [envios_internacionales] [    Test worker] c.zaxxer.hikari.util.DriverDataSource    : Registered driver with driverClassName=oracle.jdbc.driver.OracleDriver was not found, trying direct instantiation.
2025-05-04T22:56:12.923-04:00  INFO 22092 --- [envios_internacionales] [    Test worker] com.zaxxer.hikari.pool.HikariPool        : HikariPool-3 - Added connection oracle.jdbc.driver.T4CConnection@379899f4
2025-05-04T22:56:12.924-04:00  INFO 22092 --- [envios_internacionales] [    Test worker] com.zaxxer.hikari.HikariDataSource       : HikariPool-3 - Start completed.
2025-05-04T22:56:12.941-04:00  WARN 22092 --- [envios_internacionales] [    Test worker] org.hibernate.orm.deprecation            : HHH90000025: OracleDialect does not need to be specified explicitly using 'hibernate.dialect' (remove the property setting and it will be selected by default)
2025-05-04T22:56:12.968-04:00  INFO 22092 --- [envios_internacionales] [    Test worker] org.hibernate.orm.connections.pooling    : HHH10001005: Database info:
	Database JDBC URL [Connecting through datasource 'HikariDataSource (HikariPool-3)']
	Database driver: undefined/unknown
	Database version: 19.27
	Autocommit mode: undefined/unknown
	Isolation level: undefined/unknown
	Minimum pool size: undefined/unknown
	Maximum pool size: undefined/unknown
2025-05-04T22:56:13.017-04:00  INFO 22092 --- [envios_internacionales] [    Test worker] o.h.e.t.j.p.i.JtaPlatformInitiator       : HHH000489: No JTA platform available (set 'hibernate.transaction.jta.platform' to enable JTA platform integration)
2025-05-04T22:56:13.017-04:00  INFO 22092 --- [envios_internacionales] [    Test worker] j.LocalContainerEntityManagerFactoryBean : Initialized JPA EntityManagerFactory for persistence unit 'default'
2025-05-04T22:56:13.034-04:00 TRACE 22092 --- [envios_internacionales] [    Test worker] t.a.AnnotationTransactionAttributeSource : Adding transactional method 'com.envios_internacionales.envios_internacionales.service.Implementation.ShipmentSvcImpl.getAllShipments' with attribute: PROPAGATION_REQUIRED,ISOLATION_DEFAULT,readOnly
2025-05-04T22:56:13.053-04:00  WARN 22092 --- [envios_internacionales] [    Test worker] JpaBaseConfiguration$JpaWebConfiguration : spring.jpa.open-in-view is enabled by default. Therefore, database queries may be performed during view rendering. Explicitly configure spring.jpa.open-in-view to disable this warning
2025-05-04T22:56:13.122-04:00  INFO 22092 --- [envios_internacionales] [    Test worker] c.e.e.service.ShipmentSvcTest            : Started ShipmentSvcTest in 0.581 seconds (process running for 7.288)
2025-05-04T22:56:13.126-04:00 TRACE 22092 --- [envios_internacionales] [    Test worker] t.a.AnnotationTransactionAttributeSource : Adding transactional method 'com.envios_internacionales.envios_internacionales.service.Implementation.ShipmentSvcImpl.getShipmentInfoById' with attribute: PROPAGATION_REQUIRED,ISOLATION_DEFAULT,readOnly
2025-05-04T22:56:13.127-04:00 TRACE 22092 --- [envios_internacionales] [    Test worker] o.s.t.i.TransactionInterceptor           : Getting transaction for [com.envios_internacionales.envios_internacionales.service.Implementation.ShipmentSvcImpl.getShipmentInfoById]
2025-05-04T22:56:13.128-04:00 TRACE 22092 --- [envios_internacionales] [    Test worker] o.s.t.i.TransactionInterceptor           : Getting transaction for [org.springframework.data.jpa.repository.support.SimpleJpaRepository.findById]
2025-05-04T22:56:13.128-04:00 DEBUG 22092 --- [envios_internacionales] [    Test worker] org.hibernate.SQL                        : select s1_0.id,s1_0.address,t1_0.id,t1_0.current_location,t1_0.status,t1_0.tracking_code from shipment s1_0 left join tracking t1_0 on s1_0.id=t1_0.shipment_id where s1_0.id=?
2025-05-04T22:56:13.137-04:00 TRACE 22092 --- [envios_internacionales] [    Test worker] o.s.t.i.TransactionInterceptor           : Completing transaction for [org.springframework.data.jpa.repository.support.SimpleJpaRepository.findById]
2025-05-04T22:56:13.225-04:00 DEBUG 22092 --- [envios_internacionales] [    Test worker] org.hibernate.SQL                        : select c1_0.shipment_id,c1_0.id,c1_0.items_amount,c1_0.weight from shipment_content c1_0 where c1_0.shipment_id=?
2025-05-04T22:56:13.257-04:00 TRACE 22092 --- [envios_internacionales] [    Test worker] o.s.t.i.TransactionInterceptor           : Completing transaction for [com.envios_internacionales.envios_internacionales.service.Implementation.ShipmentSvcImpl.getShipmentInfoById]
2025-05-04T22:56:13.262-04:00 TRACE 22092 --- [envios_internacionales] [    Test worker] o.s.t.i.TransactionInterceptor           : Getting transaction for [com.envios_internacionales.envios_internacionales.service.Implementation.ShipmentSvcImpl.getAllShipments]
2025-05-04T22:56:13.263-04:00 TRACE 22092 --- [envios_internacionales] [    Test worker] o.s.t.i.TransactionInterceptor           : Getting transaction for [org.springframework.data.jpa.repository.support.SimpleJpaRepository.findAll]
2025-05-04T22:56:13.264-04:00 DEBUG 22092 --- [envios_internacionales] [    Test worker] org.hibernate.SQL                        : select s1_0.id,s1_0.address from shipment s1_0
2025-05-04T22:56:13.275-04:00 DEBUG 22092 --- [envios_internacionales] [    Test worker] org.hibernate.SQL                        : select t1_0.id,t1_0.current_location,s1_0.id,s1_0.address,t1_0.status,t1_0.tracking_code from tracking t1_0 left join shipment s1_0 on s1_0.id=t1_0.shipment_id where t1_0.shipment_id=?
2025-05-04T22:56:13.284-04:00 DEBUG 22092 --- [envios_internacionales] [    Test worker] org.hibernate.SQL                        : select t1_0.id,t1_0.current_location,s1_0.id,s1_0.address,t1_0.status,t1_0.tracking_code from tracking t1_0 left join shipment s1_0 on s1_0.id=t1_0.shipment_id where t1_0.shipment_id=?
2025-05-04T22:56:13.294-04:00 DEBUG 22092 --- [envios_internacionales] [    Test worker] org.hibernate.SQL                        : select t1_0.id,t1_0.current_location,s1_0.id,s1_0.address,t1_0.status,t1_0.tracking_code from tracking t1_0 left join shipment s1_0 on s1_0.id=t1_0.shipment_id where t1_0.shipment_id=?
2025-05-04T22:56:13.302-04:00 TRACE 22092 --- [envios_internacionales] [    Test worker] o.s.t.i.TransactionInterceptor           : Completing transaction for [org.springframework.data.jpa.repository.support.SimpleJpaRepository.findAll]
2025-05-04T22:56:13.303-04:00 DEBUG 22092 --- [envios_internacionales] [    Test worker] org.hibernate.SQL                        : select c1_0.shipment_id,c1_0.id,c1_0.items_amount,c1_0.weight from shipment_content c1_0 where c1_0.shipment_id=?
2025-05-04T22:56:13.315-04:00 DEBUG 22092 --- [envios_internacionales] [    Test worker] org.hibernate.SQL                        : select c1_0.shipment_id,c1_0.id,c1_0.items_amount,c1_0.weight from shipment_content c1_0 where c1_0.shipment_id=?
2025-05-04T22:56:13.327-04:00 DEBUG 22092 --- [envios_internacionales] [    Test worker] org.hibernate.SQL                        : select c1_0.shipment_id,c1_0.id,c1_0.items_amount,c1_0.weight from shipment_content c1_0 where c1_0.shipment_id=?
2025-05-04T22:56:13.337-04:00 TRACE 22092 --- [envios_internacionales] [    Test worker] o.s.t.i.TransactionInterceptor           : Completing transaction for [com.envios_internacionales.envios_internacionales.service.Implementation.ShipmentSvcImpl.getAllShipments]
]]></system-out>
  <system-err><![CDATA[]]></system-err>
</testsuite>
