<?xml version="1.0" encoding="UTF-8"?>
<testsuite name="com.envios_internacionales.envios_internacionales.EnviosInternacionalesApplicationTests" tests="1" skipped="0" failures="0" errors="0" timestamp="2025-05-05T02:56:11.452Z" hostname="DESKTOP-J49R2VV" time="0.33">
  <properties/>
  <testcase name="contextLoads()" classname="com.envios_internacionales.envios_internacionales.EnviosInternacionalesApplicationTests" time="0.33"/>
  <system-out><![CDATA[22:56:06.536 [Test worker] INFO org.springframework.test.context.support.AnnotationConfigContextLoaderUtils -- Could not detect default configuration classes for test class [com.envios_internacionales.envios_internacionales.EnviosInternacionalesApplicationTests]: EnviosInternacionalesApplicationTests does not declare any static, non-private, non-final, nested classes annotated with @Configuration.
22:56:06.624 [Test worker] INFO org.springframework.boot.test.context.SpringBootTestContextBootstrapper -- Found @SpringBootConfiguration com.envios_internacionales.envios_internacionales.EnviosInternacionalesApplication for test class com.envios_internacionales.envios_internacionales.EnviosInternacionalesApplicationTests
22:56:06.767 [Test worker] INFO org.springframework.boot.devtools.restart.RestartApplicationListener -- Restart disabled due to context in which it is running

  .   ____          _            __ _ _
 /\\ / ___'_ __ _ _(_)_ __  __ _ \ \ \ \
( ( )\___ | '_ | '_| | '_ \/ _` | \ \ \ \
 \\/  ___)| |_)| | | | | || (_| |  ) ) ) )
  '  |____| .__|_| |_|_| |_\__, | / / / /
 =========|_|==============|___/=/_/_/_/

 :: Spring Boot ::                (v3.4.4)

2025-05-04T22:56:06.989-04:00  INFO 22092 --- [envios_internacionales] [    Test worker] .e.EnviosInternacionalesApplicationTests : Starting EnviosInternacionalesApplicationTests using Java 21.0.6 with PID 22092 (started by GH in C:\Users\GH\Ingenieria desarrollo de software\Desarrollo Fullstack 1\Semana 3\Actividad\Proyectos\envios_internacionales)
2025-05-04T22:56:06.989-04:00  INFO 22092 --- [envios_internacionales] [    Test worker] .e.EnviosInternacionalesApplicationTests : No active profile set, falling back to 1 default profile: "default"
2025-05-04T22:56:07.602-04:00  INFO 22092 --- [envios_internacionales] [    Test worker] .s.d.r.c.RepositoryConfigurationDelegate : Bootstrapping Spring Data JPA repositories in DEFAULT mode.
2025-05-04T22:56:07.663-04:00  INFO 22092 --- [envios_internacionales] [    Test worker] .s.d.r.c.RepositoryConfigurationDelegate : Finished Spring Data repository scanning in 50 ms. Found 3 JPA repository interfaces.
2025-05-04T22:56:08.169-04:00  INFO 22092 --- [envios_internacionales] [    Test worker] o.hibernate.jpa.internal.util.LogHelper  : HHH000204: Processing PersistenceUnitInfo [name: default]
2025-05-04T22:56:08.233-04:00  INFO 22092 --- [envios_internacionales] [    Test worker] org.hibernate.Version                    : HHH000412: Hibernate ORM core version 6.6.11.Final
2025-05-04T22:56:08.261-04:00  INFO 22092 --- [envios_internacionales] [    Test worker] o.h.c.internal.RegionFactoryInitiator    : HHH000026: Second-level cache disabled
2025-05-04T22:56:08.539-04:00  INFO 22092 --- [envios_internacionales] [    Test worker] o.s.o.j.p.SpringPersistenceUnitInfo      : No LoadTimeWeaver setup: ignoring JPA class transformer
2025-05-04T22:56:08.569-04:00  INFO 22092 --- [envios_internacionales] [    Test worker] com.zaxxer.hikari.HikariDataSource       : HikariPool-1 - Starting...
2025-05-04T22:56:08.569-04:00  WARN 22092 --- [envios_internacionales] [    Test worker] c.zaxxer.hikari.util.DriverDataSource    : Registered driver with driverClassName=oracle.jdbc.driver.OracleDriver was not found, trying direct instantiation.
2025-05-04T22:56:09.337-04:00  INFO 22092 --- [envios_internacionales] [    Test worker] com.zaxxer.hikari.pool.HikariPool        : HikariPool-1 - Added connection oracle.jdbc.driver.T4CConnection@78b9155e
2025-05-04T22:56:09.339-04:00  INFO 22092 --- [envios_internacionales] [    Test worker] com.zaxxer.hikari.HikariDataSource       : HikariPool-1 - Start completed.
2025-05-04T22:56:09.539-04:00  WARN 22092 --- [envios_internacionales] [    Test worker] org.hibernate.orm.deprecation            : HHH90000025: OracleDialect does not need to be specified explicitly using 'hibernate.dialect' (remove the property setting and it will be selected by default)
2025-05-04T22:56:09.582-04:00  INFO 22092 --- [envios_internacionales] [    Test worker] org.hibernate.orm.connections.pooling    : HHH10001005: Database info:
	Database JDBC URL [Connecting through datasource 'HikariDataSource (HikariPool-1)']
	Database driver: undefined/unknown
	Database version: 19.27
	Autocommit mode: undefined/unknown
	Isolation level: undefined/unknown
	Minimum pool size: undefined/unknown
	Maximum pool size: undefined/unknown
2025-05-04T22:56:10.414-04:00  INFO 22092 --- [envios_internacionales] [    Test worker] o.h.e.t.j.p.i.JtaPlatformInitiator       : HHH000489: No JTA platform available (set 'hibernate.transaction.jta.platform' to enable JTA platform integration)
2025-05-04T22:56:10.417-04:00  INFO 22092 --- [envios_internacionales] [    Test worker] j.LocalContainerEntityManagerFactoryBean : Initialized JPA EntityManagerFactory for persistence unit 'default'
2025-05-04T22:56:10.646-04:00 TRACE 22092 --- [envios_internacionales] [    Test worker] t.a.AnnotationTransactionAttributeSource : Adding transactional method 'com.envios_internacionales.envios_internacionales.service.Implementation.ShipmentSvcImpl.getAllShipments' with attribute: PROPAGATION_REQUIRED,ISOLATION_DEFAULT,readOnly
2025-05-04T22:56:10.716-04:00 TRACE 22092 --- [envios_internacionales] [    Test worker] t.a.AnnotationTransactionAttributeSource : Adding transactional method 'com.envios_internacionales.envios_internacionales.service.Implementation.ShipmentSvcImpl.getShipmentInfoById' with attribute: PROPAGATION_REQUIRED,ISOLATION_DEFAULT,readOnly
2025-05-04T22:56:10.716-04:00 TRACE 22092 --- [envios_internacionales] [    Test worker] t.a.AnnotationTransactionAttributeSource : Adding transactional method 'com.envios_internacionales.envios_internacionales.service.Implementation.ShipmentSvcImpl.createShipment' with attribute: PROPAGATION_REQUIRED,ISOLATION_DEFAULT,readOnly
2025-05-04T22:56:10.716-04:00 TRACE 22092 --- [envios_internacionales] [    Test worker] t.a.AnnotationTransactionAttributeSource : Adding transactional method 'com.envios_internacionales.envios_internacionales.service.Implementation.ShipmentSvcImpl.updateShipment' with attribute: PROPAGATION_REQUIRED,ISOLATION_DEFAULT,readOnly
2025-05-04T22:56:10.716-04:00 TRACE 22092 --- [envios_internacionales] [    Test worker] t.a.AnnotationTransactionAttributeSource : Adding transactional method 'com.envios_internacionales.envios_internacionales.service.Implementation.ShipmentSvcImpl.deleteShipment' with attribute: PROPAGATION_REQUIRED,ISOLATION_DEFAULT
2025-05-04T22:56:10.716-04:00 TRACE 22092 --- [envios_internacionales] [    Test worker] t.a.AnnotationTransactionAttributeSource : Adding transactional method 'com.envios_internacionales.envios_internacionales.service.Implementation.ShipmentSvcImpl.getShipmentContentByShipmentId' with attribute: PROPAGATION_REQUIRED,ISOLATION_DEFAULT,readOnly
2025-05-04T22:56:10.717-04:00 TRACE 22092 --- [envios_internacionales] [    Test worker] t.a.AnnotationTransactionAttributeSource : Adding transactional method 'com.envios_internacionales.envios_internacionales.service.Implementation.ShipmentSvcImpl.getShipmentContentById' with attribute: PROPAGATION_REQUIRED,ISOLATION_DEFAULT,readOnly
2025-05-04T22:56:10.717-04:00 TRACE 22092 --- [envios_internacionales] [    Test worker] t.a.AnnotationTransactionAttributeSource : Adding transactional method 'com.envios_internacionales.envios_internacionales.service.Implementation.ShipmentSvcImpl.deleteShipmentContent' with attribute: PROPAGATION_REQUIRED,ISOLATION_DEFAULT
2025-05-04T22:56:10.717-04:00 TRACE 22092 --- [envios_internacionales] [    Test worker] t.a.AnnotationTransactionAttributeSource : Adding transactional method 'com.envios_internacionales.envios_internacionales.service.Implementation.ShipmentSvcImpl.createShipmentContent' with attribute: PROPAGATION_REQUIRED,ISOLATION_DEFAULT,readOnly
2025-05-04T22:56:10.717-04:00 TRACE 22092 --- [envios_internacionales] [    Test worker] t.a.AnnotationTransactionAttributeSource : Adding transactional method 'com.envios_internacionales.envios_internacionales.service.Implementation.ShipmentSvcImpl.createShipmentContent' with attribute: PROPAGATION_REQUIRED,ISOLATION_DEFAULT,readOnly
2025-05-04T22:56:10.717-04:00 TRACE 22092 --- [envios_internacionales] [    Test worker] t.a.AnnotationTransactionAttributeSource : Adding transactional method 'com.envios_internacionales.envios_internacionales.service.Implementation.ShipmentSvcImpl.updateShipmentContent' with attribute: PROPAGATION_REQUIRED,ISOLATION_DEFAULT,readOnly
2025-05-04T22:56:10.913-04:00  WARN 22092 --- [envios_internacionales] [    Test worker] JpaBaseConfiguration$JpaWebConfiguration : spring.jpa.open-in-view is enabled by default. Therefore, database queries may be performed during view rendering. Explicitly configure spring.jpa.open-in-view to disable this warning
2025-05-04T22:56:11.437-04:00  INFO 22092 --- [envios_internacionales] [    Test worker] .e.EnviosInternacionalesApplicationTests : Started EnviosInternacionalesApplicationTests in 4.679 seconds (process running for 5.604)
]]></system-out>
  <system-err><![CDATA[Mockito is currently self-attaching to enable the inline-mock-maker. This will no longer work in future releases of the JDK. Please add Mockito as an agent to your build what is described in Mockito's documentation: https://javadoc.io/doc/org.mockito/mockito-core/latest/org/mockito/Mockito.html#0.3
WARNING: A Java agent has been loaded dynamically (C:\Users\GH\.gradle\caches\modules-2\files-2.1\net.bytebuddy\byte-buddy-agent\1.15.11\a38b16385e867f59a641330f0362ebe742788ed8\byte-buddy-agent-1.15.11.jar)
WARNING: If a serviceability tool is in use, please run with -XX:+EnableDynamicAgentLoading to hide this warning
WARNING: If a serviceability tool is not in use, please run with -Djdk.instrument.traceUsage for more information
WARNING: Dynamic loading of agents will be disallowed by default in a future release
]]></system-err>
</testsuite>
